<?xml version="1.0" encoding="UTF-8"?>
<!-- Generated by org.testng.reporters.JUnitReportReporter -->
<testsuite hostname="LAPTOP-LE89MGQI" failures="0" tests="5" name="stepdefinitions.ServicetypesM" time="28.276" errors="0" timestamp="2024-02-28T16:25:35 IST" skipped="0">
  <testcase classname="stepdefinitions.ServicetypesM" name="browser_is_open" time="3.397"/>
  <system-out/>
  <testcase classname="stepdefinitions.ServicetypesM" name="browser_is_on_the_login_page" time="3.263"/>
  <system-out/>
  <testcase classname="stepdefinitions.ServicetypesM" name="i_enter_username_and_password" time="1.192"/>
  <system-out/>
  <testcase classname="stepdefinitions.ServicetypesM" name="i_click_on_inpatient_ward_to_access_location" time="5.519"/>
  <system-out/>
  <testcase classname="stepdefinitions.ServicetypesM" name="i_navigate_to_the_home_page" time="14.905"/>
  <system-out/>
</testsuite> <!-- stepdefinitions.ServicetypesM -->
